# JRE version: OpenJDK Runtime Environment (8.0_152-b02) (build 1.8.0_152-release-1024-b02)
# Java VM: OpenJDK 64-Bit Server VM (25.152-b02 mixed mode windows-amd64 compressed oops)
Heap:
 PSYoungGen      total 121344K, used 56754K [0x00000000e0000000, 0x00000000e8480000, 0x0000000100000000)
  eden space 108032K, 52% used [0x00000000e0000000,0x00000000e376cb70,0x00000000e6980000)
  from space 13312K, 0% used [0x00000000e7780000,0x00000000e7780000,0x00000000e8480000)
  to   space 13824K, 0% used [0x00000000e6980000,0x00000000e6980000,0x00000000e7700000)
 ParOldGen       total 138240K, used 17238K [0x00000000a0000000, 0x00000000a8700000, 0x00000000e0000000)
  object space 138240K, 12% used [0x00000000a0000000,0x00000000a10d58c0,0x00000000a8700000)
 Metaspace       used 37757K, capacity 38556K, committed 38784K, reserved 1083392K
  class space    used 5152K, capacity 5435K, committed 5504K, reserved 1048576K
GC Heap History (10 events):
Event: 1.617 GC heap before
{Heap before GC invocations=4 (full 1):
 PSYoungGen      total 76288K, used 6848K [0x00000000e0000000, 0x00000000e5500000, 0x0000000100000000)
  eden space 65536K, 0% used [0x00000000e0000000,0x00000000e0000000,0x00000000e4000000)
  from space 10752K, 63% used [0x00000000e4000000,0x00000000e46b0198,0x00000000e4a80000)
  to   space 10752K, 0% used [0x00000000e4a80000,0x00000000e4a80000,0x00000000e5500000)
 ParOldGen       total 175104K, used 1505K [0x00000000a0000000, 0x00000000aab00000, 0x00000000e0000000)
  object space 175104K, 0% used [0x00000000a0000000,0x00000000a01787a8,0x00000000aab00000)
 Metaspace       used 20610K, capacity 21102K, committed 21248K, reserved 1067008K
  class space    used 2845K, capacity 3010K, committed 3072K, reserved 1048576K
Event: 1.640 GC heap after
Heap after GC invocations=4 (full 1):
 PSYoungGen      total 76288K, used 0K [0x00000000e0000000, 0x00000000e5500000, 0x0000000100000000)
  eden space 65536K, 0% used [0x00000000e0000000,0x00000000e0000000,0x00000000e4000000)
  from space 10752K, 0% used [0x00000000e4000000,0x00000000e4000000,0x00000000e4a80000)
  to   space 10752K, 0% used [0x00000000e4a80000,0x00000000e4a80000,0x00000000e5500000)
 ParOldGen       total 91136K, used 6688K [0x00000000a0000000, 0x00000000a5900000, 0x00000000e0000000)
  object space 91136K, 7% used [0x00000000a0000000,0x00000000a0688188,0x00000000a5900000)
 Metaspace       used 20610K, capacity 21102K, committed 21248K, reserved 1067008K
  class space    used 2845K, capacity 3010K, committed 3072K, reserved 1048576K
}
Event: 2.283 GC heap before
{Heap before GC invocations=5 (full 1):
 PSYoungGen      total 76288K, used 65536K [0x00000000e0000000, 0x00000000e5500000, 0x0000000100000000)
  eden space 65536K, 100% used [0x00000000e0000000,0x00000000e4000000,0x00000000e4000000)
  from space 10752K, 0% used [0x00000000e4000000,0x00000000e4000000,0x00000000e4a80000)
  to   space 10752K, 0% used [0x00000000e4a80000,0x00000000e4a80000,0x00000000e5500000)
 ParOldGen       total 91136K, used 6688K [0x00000000a0000000, 0x00000000a5900000, 0x00000000e0000000)
  object space 91136K, 7% used [0x00000000a0000000,0x00000000a0688188,0x00000000a5900000)
 Metaspace       used 26087K, capacity 26688K, committed 26880K, reserved 1073152K
  class space    used 3535K, capacity 3715K, committed 3840K, reserved 1048576K
Event: 2.288 GC heap after
Heap after GC invocations=5 (full 1):
 PSYoungGen      total 76288K, used 6558K [0x00000000e0000000, 0x00000000e8200000, 0x0000000100000000)
  eden space 65536K, 0% used [0x00000000e0000000,0x00000000e0000000,0x00000000e4000000)
  from space 10752K, 60% used [0x00000000e4a80000,0x00000000e50e7800,0x00000000e5500000)
  to   space 10752K, 0% used [0x00000000e4000000,0x00000000e4000000,0x00000000e4a80000)
 ParOldGen       total 91136K, used 6696K [0x00000000a0000000, 0x00000000a5900000, 0x00000000e0000000)
  object space 91136K, 7% used [0x00000000a0000000,0x00000000a068a188,0x00000000a5900000)
 Metaspace       used 26087K, capacity 26688K, committed 26880K, reserved 1073152K
  class space    used 3535K, capacity 3715K, committed 3840K, reserved 1048576K
}
Event: 2.838 GC heap before
{Heap before GC invocations=6 (full 1):
 PSYoungGen      total 76288K, used 72094K [0x00000000e0000000, 0x00000000e8200000, 0x0000000100000000)
  eden space 65536K, 100% used [0x00000000e0000000,0x00000000e4000000,0x00000000e4000000)
  from space 10752K, 60% used [0x00000000e4a80000,0x00000000e50e7800,0x00000000e5500000)
  to   space 10752K, 0% used [0x00000000e4000000,0x00000000e4000000,0x00000000e4a80000)
 ParOldGen       total 91136K, used 6696K [0x00000000a0000000, 0x00000000a5900000, 0x00000000e0000000)
  object space 91136K, 7% used [0x00000000a0000000,0x00000000a068a188,0x00000000a5900000)
 Metaspace       used 29805K, capacity 30472K, committed 30848K, reserved 1075200K
  class space    used 4159K, capacity 4355K, committed 4480K, reserved 1048576K
Event: 2.844 GC heap after
Heap after GC invocations=6 (full 1):
 PSYoungGen      total 76288K, used 9816K [0x00000000e0000000, 0x00000000e8480000, 0x0000000100000000)
  eden space 65536K, 0% used [0x00000000e0000000,0x00000000e0000000,0x00000000e4000000)
  from space 10752K, 91% used [0x00000000e4000000,0x00000000e49962d0,0x00000000e4a80000)
  to   space 13312K, 0% used [0x00000000e7780000,0x00000000e7780000,0x00000000e8480000)
 ParOldGen       total 91136K, used 6704K [0x00000000a0000000, 0x00000000a5900000, 0x00000000e0000000)
  object space 91136K, 7% used [0x00000000a0000000,0x00000000a068c188,0x00000000a5900000)
 Metaspace       used 29805K, capacity 30472K, committed 30848K, reserved 1075200K
  class space    used 4159K, capacity 4355K, committed 4480K, reserved 1048576K
}
Event: 3.220 GC heap before
{Heap before GC invocations=7 (full 1):
 PSYoungGen      total 76288K, used 46248K [0x00000000e0000000, 0x00000000e8480000, 0x0000000100000000)
  eden space 65536K, 55% used [0x00000000e0000000,0x00000000e2393f20,0x00000000e4000000)
  from space 10752K, 91% used [0x00000000e4000000,0x00000000e49962d0,0x00000000e4a80000)
  to   space 13312K, 0% used [0x00000000e7780000,0x00000000e7780000,0x00000000e8480000)
 ParOldGen       total 91136K, used 6704K [0x00000000a0000000, 0x00000000a5900000, 0x00000000e0000000)
  object space 91136K, 7% used [0x00000000a0000000,0x00000000a068c188,0x00000000a5900000)
 Metaspace       used 34464K, capacity 35270K, committed 35416K, reserved 1079296K
  class space    used 4778K, capacity 5066K, committed 5120K, reserved 1048576K
Event: 3.228 GC heap after
Heap after GC invocations=7 (full 1):
 PSYoungGen      total 121344K, used 11130K [0x00000000e0000000, 0x00000000e8480000, 0x0000000100000000)
  eden space 108032K, 0% used [0x00000000e0000000,0x00000000e0000000,0x00000000e6980000)
  from space 13312K, 83% used [0x00000000e7780000,0x00000000e825eaf8,0x00000000e8480000)
  to   space 13824K, 0% used [0x00000000e6980000,0x00000000e6980000,0x00000000e7700000)
 ParOldGen       total 91136K, used 6712K [0x00000000a0000000, 0x00000000a5900000, 0x00000000e0000000)
  object space 91136K, 7% used [0x00000000a0000000,0x00000000a068e188,0x00000000a5900000)
 Metaspace       used 34464K, capacity 35270K, committed 35416K, reserved 1079296K
  class space    used 4778K, capacity 5066K, committed 5120K, reserved 1048576K
}
Event: 3.228 GC heap before
{Heap before GC invocations=8 (full 2):
 PSYoungGen      total 121344K, used 11130K [0x00000000e0000000, 0x00000000e8480000, 0x0000000100000000)
  eden space 108032K, 0% used [0x00000000e0000000,0x00000000e0000000,0x00000000e6980000)
  from space 13312K, 83% used [0x00000000e7780000,0x00000000e825eaf8,0x00000000e8480000)
  to   space 13824K, 0% used [0x00000000e6980000,0x00000000e6980000,0x00000000e7700000)
 ParOldGen       total 91136K, used 6712K [0x00000000a0000000, 0x00000000a5900000, 0x00000000e0000000)
  object space 91136K, 7% used [0x00000000a0000000,0x00000000a068e188,0x00000000a5900000)
 Metaspace       used 34464K, capacity 35270K, committed 35416K, reserved 1079296K
  class space    used 4778K, capacity 5066K, committed 5120K, reserved 1048576K
Event: 3.273 GC heap after
Heap after GC invocations=8 (full 2):
 PSYoungGen      total 121344K, used 0K [0x00000000e0000000, 0x00000000e8480000, 0x0000000100000000)
  eden space 108032K, 0% used [0x00000000e0000000,0x00000000e0000000,0x00000000e6980000)
  from space 13312K, 0% used [0x00000000e7780000,0x00000000e7780000,0x00000000e8480000)
  to   space 13824K, 0% used [0x00000000e6980000,0x00000000e6980000,0x00000000e7700000)
 ParOldGen       total 138240K, used 17238K [0x00000000a0000000, 0x00000000a8700000, 0x00000000e0000000)
  object space 138240K, 12% used [0x00000000a0000000,0x00000000a10d58c0,0x00000000a8700000)
 Metaspace       used 34464K, capacity 35270K, committed 35416K, reserved 1079296K
  class space    used 4778K, capacity 5066K, committed 5120K, reserved 1048576K
}

