# JRE version: OpenJDK Runtime Environment (8.0_152-b02) (build 1.8.0_152-release-1024-b02)
# Java VM: OpenJDK 64-Bit Server VM (25.152-b02 mixed mode windows-amd64 compressed oops)
Heap:
 PSYoungGen      total 114176K, used 72303K [0x00000000e0000000, 0x00000000e8080000, 0x0000000100000000)
  eden space 102912K, 59% used [0x00000000e0000000,0x00000000e3ba0388,0x00000000e6480000)
  from space 11264K, 99% used [0x00000000e7580000,0x00000000e807baf8,0x00000000e8080000)
  to   space 13824K, 0% used [0x00000000e6580000,0x00000000e6580000,0x00000000e7300000)
 ParOldGen       total 135168K, used 20553K [0x00000000a0000000, 0x00000000a8400000, 0x00000000e0000000)
  object space 135168K, 15% used [0x00000000a0000000,0x00000000a1412640,0x00000000a8400000)
 Metaspace       used 51548K, capacity 53240K, committed 53376K, reserved 1095680K
  class space    used 7045K, capacity 7501K, committed 7552K, reserved 1048576K
GC Heap History (10 events):
Event: 3.954 GC heap before
{Heap before GC invocations=6 (full 1):
 PSYoungGen      total 76288K, used 72129K [0x00000000e0000000, 0x00000000e8080000, 0x0000000100000000)
  eden space 65536K, 100% used [0x00000000e0000000,0x00000000e4000000,0x00000000e4000000)
  from space 10752K, 61% used [0x00000000e4a80000,0x00000000e50f0720,0x00000000e5500000)
  to   space 10752K, 0% used [0x00000000e4000000,0x00000000e4000000,0x00000000e4a80000)
 ParOldGen       total 92160K, used 6710K [0x00000000a0000000, 0x00000000a5a00000, 0x00000000e0000000)
  object space 92160K, 7% used [0x00000000a0000000,0x00000000a068d8a8,0x00000000a5a00000)
 Metaspace       used 29821K, capacity 30568K, committed 30848K, reserved 1075200K
  class space    used 4164K, capacity 4387K, committed 4480K, reserved 1048576K
Event: 3.963 GC heap after
Heap after GC invocations=6 (full 1):
 PSYoungGen      total 76288K, used 9766K [0x00000000e0000000, 0x00000000e8280000, 0x0000000100000000)
  eden space 65536K, 0% used [0x00000000e0000000,0x00000000e0000000,0x00000000e4000000)
  from space 10752K, 90% used [0x00000000e4000000,0x00000000e4989960,0x00000000e4a80000)
  to   space 13312K, 0% used [0x00000000e7580000,0x00000000e7580000,0x00000000e8280000)
 ParOldGen       total 92160K, used 6718K [0x00000000a0000000, 0x00000000a5a00000, 0x00000000e0000000)
  object space 92160K, 7% used [0x00000000a0000000,0x00000000a068f8a8,0x00000000a5a00000)
 Metaspace       used 29821K, capacity 30568K, committed 30848K, reserved 1075200K
  class space    used 4164K, capacity 4387K, committed 4480K, reserved 1048576K
}
Event: 5.799 GC heap before
{Heap before GC invocations=7 (full 1):
 PSYoungGen      total 76288K, used 44704K [0x00000000e0000000, 0x00000000e8280000, 0x0000000100000000)
  eden space 65536K, 53% used [0x00000000e0000000,0x00000000e221e848,0x00000000e4000000)
  from space 10752K, 90% used [0x00000000e4000000,0x00000000e4989960,0x00000000e4a80000)
  to   space 13312K, 0% used [0x00000000e7580000,0x00000000e7580000,0x00000000e8280000)
 ParOldGen       total 92160K, used 6718K [0x00000000a0000000, 0x00000000a5a00000, 0x00000000e0000000)
  object space 92160K, 7% used [0x00000000a0000000,0x00000000a068f8a8,0x00000000a5a00000)
 Metaspace       used 34419K, capacity 35270K, committed 35416K, reserved 1079296K
  class space    used 4777K, capacity 5066K, committed 5120K, reserved 1048576K
Event: 5.805 GC heap after
Heap after GC invocations=7 (full 1):
 PSYoungGen      total 114176K, used 11162K [0x00000000e0000000, 0x00000000e8080000, 0x0000000100000000)
  eden space 102912K, 0% used [0x00000000e0000000,0x00000000e0000000,0x00000000e6480000)
  from space 11264K, 99% used [0x00000000e7580000,0x00000000e80669f8,0x00000000e8080000)
  to   space 13824K, 0% used [0x00000000e6580000,0x00000000e6580000,0x00000000e7300000)
 ParOldGen       total 92160K, used 6726K [0x00000000a0000000, 0x00000000a5a00000, 0x00000000e0000000)
  object space 92160K, 7% used [0x00000000a0000000,0x00000000a06918a8,0x00000000a5a00000)
 Metaspace       used 34419K, capacity 35270K, committed 35416K, reserved 1079296K
  class space    used 4777K, capacity 5066K, committed 5120K, reserved 1048576K
}
Event: 5.805 GC heap before
{Heap before GC invocations=8 (full 2):
 PSYoungGen      total 114176K, used 11162K [0x00000000e0000000, 0x00000000e8080000, 0x0000000100000000)
  eden space 102912K, 0% used [0x00000000e0000000,0x00000000e0000000,0x00000000e6480000)
  from space 11264K, 99% used [0x00000000e7580000,0x00000000e80669f8,0x00000000e8080000)
  to   space 13824K, 0% used [0x00000000e6580000,0x00000000e6580000,0x00000000e7300000)
 ParOldGen       total 92160K, used 6726K [0x00000000a0000000, 0x00000000a5a00000, 0x00000000e0000000)
  object space 92160K, 7% used [0x00000000a0000000,0x00000000a06918a8,0x00000000a5a00000)
 Metaspace       used 34419K, capacity 35270K, committed 35416K, reserved 1079296K
  class space    used 4777K, capacity 5066K, committed 5120K, reserved 1048576K
Event: 5.863 GC heap after
Heap after GC invocations=8 (full 2):
 PSYoungGen      total 114176K, used 0K [0x00000000e0000000, 0x00000000e8080000, 0x0000000100000000)
  eden space 102912K, 0% used [0x00000000e0000000,0x00000000e0000000,0x00000000e6480000)
  from space 11264K, 0% used [0x00000000e7580000,0x00000000e7580000,0x00000000e8080000)
  to   space 13824K, 0% used [0x00000000e6580000,0x00000000e6580000,0x00000000e7300000)
 ParOldGen       total 135168K, used 17188K [0x00000000a0000000, 0x00000000a8400000, 0x00000000e0000000)
  object space 135168K, 12% used [0x00000000a0000000,0x00000000a10c9270,0x00000000a8400000)
 Metaspace       used 34419K, capacity 35270K, committed 35416K, reserved 1079296K
  class space    used 4777K, capacity 5066K, committed 5120K, reserved 1048576K
}
Event: 6.673 GC heap before
{Heap before GC invocations=9 (full 2):
 PSYoungGen      total 114176K, used 102912K [0x00000000e0000000, 0x00000000e8080000, 0x0000000100000000)
  eden space 102912K, 100% used [0x00000000e0000000,0x00000000e6480000,0x00000000e6480000)
  from space 11264K, 0% used [0x00000000e7580000,0x00000000e7580000,0x00000000e8080000)
  to   space 13824K, 0% used [0x00000000e6580000,0x00000000e6580000,0x00000000e7300000)
 ParOldGen       total 135168K, used 17188K [0x00000000a0000000, 0x00000000a8400000, 0x00000000e0000000)
  object space 135168K, 12% used [0x00000000a0000000,0x00000000a10c9270,0x00000000a8400000)
 Metaspace       used 40308K, capacity 41278K, committed 41472K, reserved 1085440K
  class space    used 5482K, capacity 5797K, committed 5888K, reserved 1048576K
Event: 6.682 GC heap after
Heap after GC invocations=9 (full 2):
 PSYoungGen      total 116736K, used 11645K [0x00000000e0000000, 0x00000000e8080000, 0x0000000100000000)
  eden space 102912K, 0% used [0x00000000e0000000,0x00000000e0000000,0x00000000e6480000)
  from space 13824K, 84% used [0x00000000e6580000,0x00000000e70df4c8,0x00000000e7300000)
  to   space 11264K, 0% used [0x00000000e7580000,0x00000000e7580000,0x00000000e8080000)
 ParOldGen       total 135168K, used 17196K [0x00000000a0000000, 0x00000000a8400000, 0x00000000e0000000)
  object space 135168K, 12% used [0x00000000a0000000,0x00000000a10cb270,0x00000000a8400000)
 Metaspace       used 40308K, capacity 41278K, committed 41472K, reserved 1085440K
  class space    used 5482K, capacity 5797K, committed 5888K, reserved 1048576K
}
Event: 7.491 GC heap before
{Heap before GC invocations=10 (full 2):
 PSYoungGen      total 116736K, used 114557K [0x00000000e0000000, 0x00000000e8080000, 0x0000000100000000)
  eden space 102912K, 100% used [0x00000000e0000000,0x00000000e6480000,0x00000000e6480000)
  from space 13824K, 84% used [0x00000000e6580000,0x00000000e70df4c8,0x00000000e7300000)
  to   space 11264K, 0% used [0x00000000e7580000,0x00000000e7580000,0x00000000e8080000)
 ParOldGen       total 135168K, used 17196K [0x00000000a0000000, 0x00000000a8400000, 0x00000000e0000000)
  object space 135168K, 12% used [0x00000000a0000000,0x00000000a10cb270,0x00000000a8400000)
 Metaspace       used 47567K, capacity 48800K, committed 49024K, reserved 1091584K
  class space    used 6392K, capacity 6736K, committed 6784K, reserved 1048576K
Event: 7.501 GC heap after
Heap after GC invocations=10 (full 2):
 PSYoungGen      total 114176K, used 11246K [0x00000000e0000000, 0x00000000e8080000, 0x0000000100000000)
  eden space 102912K, 0% used [0x00000000e0000000,0x00000000e0000000,0x00000000e6480000)
  from space 11264K, 99% used [0x00000000e7580000,0x00000000e807baf8,0x00000000e8080000)
  to   space 13824K, 0% used [0x00000000e6580000,0x00000000e6580000,0x00000000e7300000)
 ParOldGen       total 135168K, used 20553K [0x00000000a0000000, 0x00000000a8400000, 0x00000000e0000000)
  object space 135168K, 15% used [0x00000000a0000000,0x00000000a1412640,0x00000000a8400000)
 Metaspace       used 47567K, capacity 48800K, committed 49024K, reserved 1091584K
  class space    used 6392K, capacity 6736K, committed 6784K, reserved 1048576K
}

